# JRE version: OpenJDK Runtime Environment (11.0.13) (build 11.0.13+0-b1751.21-8125866)
# Java VM: OpenJDK 64-Bit Server VM (11.0.13+0-b1751.21-8125866, mixed mode, tiered, compressed oops, g1 gc, windows-amd64)
Heap:
 garbage-first heap   total 438272K, used 207176K [0x0000000080000000, 0x0000000100000000)
  region size 1024K, 2 young (2048K), 2 survivors (2048K)
 Metaspace       used 133856K, capacity 137364K, committed 137684K, reserved 1169408K
  class space    used 16359K, capacity 17670K, committed 17792K, reserved 1048576K
GC Heap History (20 events):
Event: 1338.613 GC heap after
{Heap after GC invocations=66 (full 0):
 garbage-first heap   total 258048K, used 151183K [0x0000000080000000, 0x0000000100000000)
  region size 1024K, 2 young (2048K), 2 survivors (2048K)
 Metaspace       used 131065K, capacity 134483K, committed 134868K, reserved 1167360K
  class space    used 16103K, capacity 17424K, committed 17536K, reserved 1048576K
}
Event: 1338.672 GC heap before
{Heap before GC invocations=66 (full 0):
 garbage-first heap   total 258048K, used 161423K [0x0000000080000000, 0x0000000100000000)
  region size 1024K, 12 young (12288K), 2 survivors (2048K)
 Metaspace       used 131076K, capacity 134547K, committed 134868K, reserved 1167360K
  class space    used 16103K, capacity 17424K, committed 17536K, reserved 1048576K
}
Event: 1338.680 GC heap after
{Heap after GC invocations=67 (full 0):
 garbage-first heap   total 258048K, used 131261K [0x0000000080000000, 0x0000000100000000)
  region size 1024K, 2 young (2048K), 2 survivors (2048K)
 Metaspace       used 131076K, capacity 134547K, committed 134868K, reserved 1167360K
  class space    used 16103K, capacity 17424K, committed 17536K, reserved 1048576K
}
Event: 1338.941 GC heap before
{Heap before GC invocations=67 (full 0):
 garbage-first heap   total 258048K, used 176317K [0x0000000080000000, 0x0000000100000000)
  region size 1024K, 46 young (47104K), 2 survivors (2048K)
 Metaspace       used 131205K, capacity 134739K, committed 135124K, reserved 1167360K
  class space    used 16107K, capacity 17424K, committed 17536K, reserved 1048576K
}
Event: 1338.948 GC heap after
{Heap after GC invocations=68 (full 0):
 garbage-first heap   total 258048K, used 132760K [0x0000000080000000, 0x0000000100000000)
  region size 1024K, 4 young (4096K), 4 survivors (4096K)
 Metaspace       used 131205K, capacity 134739K, committed 135124K, reserved 1167360K
  class space    used 16107K, capacity 17424K, committed 17536K, reserved 1048576K
}
Event: 1339.477 GC heap before
{Heap before GC invocations=69 (full 0):
 garbage-first heap   total 258048K, used 182936K [0x0000000080000000, 0x0000000100000000)
  region size 1024K, 51 young (52224K), 4 survivors (4096K)
 Metaspace       used 131829K, capacity 135389K, committed 135636K, reserved 1167360K
  class space    used 16153K, capacity 17470K, committed 17536K, reserved 1048576K
}
Event: 1339.483 GC heap after
{Heap after GC invocations=70 (full 0):
 garbage-first heap   total 258048K, used 133063K [0x0000000080000000, 0x0000000100000000)
  region size 1024K, 4 young (4096K), 4 survivors (4096K)
 Metaspace       used 131829K, capacity 135389K, committed 135636K, reserved 1167360K
  class space    used 16153K, capacity 17470K, committed 17536K, reserved 1048576K
}
Event: 1339.552 GC heap before
{Heap before GC invocations=70 (full 0):
 garbage-first heap   total 258048K, used 141255K [0x0000000080000000, 0x0000000100000000)
  region size 1024K, 12 young (12288K), 4 survivors (4096K)
 Metaspace       used 131854K, capacity 135389K, committed 135636K, reserved 1167360K
  class space    used 16153K, capacity 17470K, committed 17536K, reserved 1048576K
}
Event: 1339.558 GC heap after
{Heap after GC invocations=71 (full 0):
 garbage-first heap   total 258048K, used 132607K [0x0000000080000000, 0x0000000100000000)
  region size 1024K, 1 young (1024K), 1 survivors (1024K)
 Metaspace       used 131854K, capacity 135389K, committed 135636K, reserved 1167360K
  class space    used 16153K, capacity 17470K, committed 17536K, reserved 1048576K
}
Event: 1339.839 GC heap before
{Heap before GC invocations=71 (full 0):
 garbage-first heap   total 258048K, used 148990K [0x0000000080000000, 0x0000000100000000)
  region size 1024K, 19 young (19456K), 1 survivors (1024K)
 Metaspace       used 131973K, capacity 135453K, committed 135636K, reserved 1167360K
  class space    used 16156K, capacity 17470K, committed 17536K, reserved 1048576K
}
Event: 1339.846 GC heap after
{Heap after GC invocations=72 (full 0):
 garbage-first heap   total 310272K, used 132747K [0x0000000080000000, 0x0000000100000000)
  region size 1024K, 1 young (1024K), 1 survivors (1024K)
 Metaspace       used 131973K, capacity 135453K, committed 135636K, reserved 1167360K
  class space    used 16156K, capacity 17470K, committed 17536K, reserved 1048576K
}
Event: 1341.247 GC heap before
{Heap before GC invocations=73 (full 0):
 garbage-first heap   total 310272K, used 210571K [0x0000000080000000, 0x0000000100000000)
  region size 1024K, 79 young (80896K), 1 survivors (1024K)
 Metaspace       used 133253K, capacity 136765K, committed 137044K, reserved 1169408K
  class space    used 16295K, capacity 17625K, committed 17664K, reserved 1048576K
}
Event: 1341.258 GC heap after
{Heap after GC invocations=74 (full 0):
 garbage-first heap   total 310272K, used 133269K [0x0000000080000000, 0x0000000100000000)
  region size 1024K, 7 young (7168K), 7 survivors (7168K)
 Metaspace       used 133253K, capacity 136765K, committed 137044K, reserved 1169408K
  class space    used 16295K, capacity 17625K, committed 17664K, reserved 1048576K
}
Event: 1341.321 GC heap before
{Heap before GC invocations=74 (full 0):
 garbage-first heap   total 310272K, used 140437K [0x0000000080000000, 0x0000000100000000)
  region size 1024K, 15 young (15360K), 7 survivors (7168K)
 Metaspace       used 133260K, capacity 136771K, committed 137044K, reserved 1169408K
  class space    used 16297K, capacity 17627K, committed 17664K, reserved 1048576K
}
Event: 1341.333 GC heap after
{Heap after GC invocations=75 (full 0):
 garbage-first heap   total 310272K, used 127130K [0x0000000080000000, 0x0000000100000000)
  region size 1024K, 2 young (2048K), 2 survivors (2048K)
 Metaspace       used 133260K, capacity 136771K, committed 137044K, reserved 1169408K
  class space    used 16297K, capacity 17627K, committed 17664K, reserved 1048576K
}
Event: 1341.925 GC heap before
{Heap before GC invocations=75 (full 0):
 garbage-first heap   total 310272K, used 181402K [0x0000000080000000, 0x0000000100000000)
  region size 1024K, 57 young (58368K), 2 survivors (2048K)
 Metaspace       used 133533K, capacity 137067K, committed 137300K, reserved 1169408K
  class space    used 16322K, capacity 17636K, committed 17664K, reserved 1048576K
}
Event: 1341.935 GC heap after
{Heap after GC invocations=76 (full 0):
 garbage-first heap   total 310272K, used 129506K [0x0000000080000000, 0x0000000100000000)
  region size 1024K, 4 young (4096K), 4 survivors (4096K)
 Metaspace       used 133533K, capacity 137067K, committed 137300K, reserved 1169408K
  class space    used 16322K, capacity 17636K, committed 17664K, reserved 1048576K
}
Event: 1342.629 GC heap before
{Heap before GC invocations=77 (full 0):
 garbage-first heap   total 310272K, used 288226K [0x0000000080000000, 0x0000000100000000)
  region size 1024K, 94 young (96256K), 4 survivors (4096K)
 Metaspace       used 133854K, capacity 137364K, committed 137684K, reserved 1169408K
  class space    used 16359K, capacity 17670K, committed 17792K, reserved 1048576K
}
Event: 1342.679 GC heap after
{Heap after GC invocations=78 (full 0):
 garbage-first heap   total 329728K, used 204775K [0x0000000080000000, 0x0000000100000000)
  region size 1024K, 12 young (12288K), 12 survivors (12288K)
 Metaspace       used 133854K, capacity 137364K, committed 137684K, reserved 1169408K
  class space    used 16359K, capacity 17670K, committed 17792K, reserved 1048576K
}
Event: 1342.701 GC heap before
{Heap before GC invocations=78 (full 0):
 garbage-first heap   total 329728K, used 208871K [0x0000000080000000, 0x0000000100000000)
  region size 1024K, 16 young (16384K), 12 survivors (12288K)
 Metaspace       used 133856K, capacity 137364K, committed 137684K, reserved 1169408K
  class space    used 16359K, capacity 17670K, committed 17792K, reserved 1048576K
}

