# JRE version: OpenJDK Runtime Environment (11.0.13) (build 11.0.13+0-b1751.21-8125866)
# Java VM: OpenJDK 64-Bit Server VM (11.0.13+0-b1751.21-8125866, mixed mode, tiered, compressed oops, g1 gc, windows-amd64)
Heap:
 garbage-first heap   total 310272K, used 157660K [0x0000000080000000, 0x0000000100000000)
  region size 1024K, 50 young (51200K), 2 survivors (2048K)
 Metaspace       used 100756K, capacity 103122K, committed 103376K, reserved 1138688K
  class space    used 12576K, capacity 13445K, committed 13568K, reserved 1048576K
GC Heap History (20 events):
Event: 14.315 GC heap before
{Heap before GC invocations=11 (full 0):
 garbage-first heap   total 258048K, used 188015K [0x0000000080000000, 0x0000000100000000)
  region size 1024K, 141 young (144384K), 12 survivors (12288K)
 Metaspace       used 76158K, capacity 77929K, committed 78160K, reserved 1116160K
  class space    used 9935K, capacity 10589K, committed 10624K, reserved 1048576K
}
Event: 14.344 GC heap after
{Heap after GC invocations=12 (full 0):
 garbage-first heap   total 258048K, used 64061K [0x0000000080000000, 0x0000000100000000)
  region size 1024K, 9 young (9216K), 9 survivors (9216K)
 Metaspace       used 76158K, capacity 77929K, committed 78160K, reserved 1116160K
  class space    used 9935K, capacity 10589K, committed 10624K, reserved 1048576K
}
Event: 17.120 GC heap before
{Heap before GC invocations=12 (full 0):
 garbage-first heap   total 258048K, used 192061K [0x0000000080000000, 0x0000000100000000)
  region size 1024K, 135 young (138240K), 9 survivors (9216K)
 Metaspace       used 83327K, capacity 85609K, committed 85712K, reserved 1124352K
  class space    used 10908K, capacity 11748K, committed 11776K, reserved 1048576K
}
Event: 17.141 GC heap after
{Heap after GC invocations=13 (full 0):
 garbage-first heap   total 258048K, used 73720K [0x0000000080000000, 0x0000000100000000)
  region size 1024K, 17 young (17408K), 17 survivors (17408K)
 Metaspace       used 83327K, capacity 85609K, committed 85712K, reserved 1124352K
  class space    used 10908K, capacity 11748K, committed 11776K, reserved 1048576K
}
Event: 19.283 GC heap before
{Heap before GC invocations=13 (full 0):
 garbage-first heap   total 258048K, used 198648K [0x0000000080000000, 0x0000000100000000)
  region size 1024K, 138 young (141312K), 17 survivors (17408K)
 Metaspace       used 86333K, capacity 88600K, committed 88784K, reserved 1126400K
  class space    used 11147K, capacity 12001K, committed 12032K, reserved 1048576K
}
Event: 19.322 GC heap after
{Heap after GC invocations=14 (full 0):
 garbage-first heap   total 258048K, used 98288K [0x0000000080000000, 0x0000000100000000)
  region size 1024K, 18 young (18432K), 18 survivors (18432K)
 Metaspace       used 86333K, capacity 88600K, committed 88784K, reserved 1126400K
  class space    used 11147K, capacity 12001K, committed 12032K, reserved 1048576K
}
Event: 20.782 GC heap before
{Heap before GC invocations=14 (full 0):
 garbage-first heap   total 258048K, used 200688K [0x0000000080000000, 0x0000000100000000)
  region size 1024K, 110 young (112640K), 18 survivors (18432K)
 Metaspace       used 86567K, capacity 88792K, committed 89040K, reserved 1126400K
  class space    used 11147K, capacity 12001K, committed 12032K, reserved 1048576K
}
Event: 20.819 GC heap after
{Heap after GC invocations=15 (full 0):
 garbage-first heap   total 258048K, used 126796K [0x0000000080000000, 0x0000000100000000)
  region size 1024K, 14 young (14336K), 14 survivors (14336K)
 Metaspace       used 86567K, capacity 88792K, committed 89040K, reserved 1126400K
  class space    used 11147K, capacity 12001K, committed 12032K, reserved 1048576K
}
Event: 21.355 GC heap before
{Heap before GC invocations=15 (full 0):
 garbage-first heap   total 258048K, used 158540K [0x0000000080000000, 0x0000000100000000)
  region size 1024K, 43 young (44032K), 14 survivors (14336K)
 Metaspace       used 87407K, capacity 89816K, committed 89936K, reserved 1126400K
  class space    used 11234K, capacity 12125K, committed 12160K, reserved 1048576K
}
Event: 21.371 GC heap after
{Heap after GC invocations=16 (full 0):
 garbage-first heap   total 310272K, used 133632K [0x0000000080000000, 0x0000000100000000)
  region size 1024K, 3 young (3072K), 3 survivors (3072K)
 Metaspace       used 87407K, capacity 89816K, committed 89936K, reserved 1126400K
  class space    used 11234K, capacity 12125K, committed 12160K, reserved 1048576K
}
Event: 23.018 GC heap before
{Heap before GC invocations=17 (full 0):
 garbage-first heap   total 310272K, used 208384K [0x0000000080000000, 0x0000000100000000)
  region size 1024K, 69 young (70656K), 3 survivors (3072K)
 Metaspace       used 89497K, capacity 91698K, committed 92240K, reserved 1128448K
  class space    used 11435K, capacity 12257K, committed 12416K, reserved 1048576K
}
Event: 23.041 GC heap after
{Heap after GC invocations=18 (full 0):
 garbage-first heap   total 310272K, used 146251K [0x0000000080000000, 0x0000000100000000)
  region size 1024K, 10 young (10240K), 10 survivors (10240K)
 Metaspace       used 89497K, capacity 91698K, committed 92240K, reserved 1128448K
  class space    used 11435K, capacity 12257K, committed 12416K, reserved 1048576K
}
Event: 24.016 GC heap before
{Heap before GC invocations=19 (full 0):
 garbage-first heap   total 310272K, used 239435K [0x0000000080000000, 0x0000000100000000)
  region size 1024K, 77 young (78848K), 10 survivors (10240K)
 Metaspace       used 93375K, capacity 95622K, committed 96080K, reserved 1132544K
  class space    used 11742K, capacity 12562K, committed 12672K, reserved 1048576K
}
Event: 24.045 GC heap after
{Heap after GC invocations=20 (full 0):
 garbage-first heap   total 310272K, used 156351K [0x0000000080000000, 0x0000000100000000)
  region size 1024K, 10 young (10240K), 10 survivors (10240K)
 Metaspace       used 93375K, capacity 95622K, committed 96080K, reserved 1132544K
  class space    used 11742K, capacity 12562K, committed 12672K, reserved 1048576K
}
Event: 24.567 GC heap before
{Heap before GC invocations=20 (full 0):
 garbage-first heap   total 310272K, used 222911K [0x0000000080000000, 0x0000000100000000)
  region size 1024K, 76 young (77824K), 10 survivors (10240K)
 Metaspace       used 93808K, capacity 96076K, committed 96464K, reserved 1132544K
  class space    used 11761K, capacity 12602K, committed 12800K, reserved 1048576K
}
Event: 24.583 GC heap after
{Heap after GC invocations=21 (full 0):
 garbage-first heap   total 310272K, used 163331K [0x0000000080000000, 0x0000000100000000)
  region size 1024K, 6 young (6144K), 6 survivors (6144K)
 Metaspace       used 93808K, capacity 96076K, committed 96464K, reserved 1132544K
  class space    used 11761K, capacity 12602K, committed 12800K, reserved 1048576K
}
Event: 25.157 GC heap before
{Heap before GC invocations=22 (full 0):
 garbage-first heap   total 310272K, used 215555K [0x0000000080000000, 0x0000000100000000)
  region size 1024K, 72 young (73728K), 6 survivors (6144K)
 Metaspace       used 95339K, capacity 97554K, committed 98128K, reserved 1134592K
  class space    used 11881K, capacity 12732K, committed 12928K, reserved 1048576K
}
Event: 25.165 GC heap after
{Heap after GC invocations=23 (full 0):
 garbage-first heap   total 310272K, used 149848K [0x0000000080000000, 0x0000000100000000)
  region size 1024K, 2 young (2048K), 2 survivors (2048K)
 Metaspace       used 95339K, capacity 97554K, committed 98128K, reserved 1134592K
  class space    used 11881K, capacity 12732K, committed 12928K, reserved 1048576K
}
Event: 25.324 GC heap before
{Heap before GC invocations=23 (full 0):
 garbage-first heap   total 310272K, used 182616K [0x0000000080000000, 0x0000000100000000)
  region size 1024K, 15 young (15360K), 2 survivors (2048K)
 Metaspace       used 96073K, capacity 98400K, committed 98768K, reserved 1134592K
  class space    used 11975K, capacity 12865K, committed 13056K, reserved 1048576K
}
Event: 25.331 GC heap after
{Heap after GC invocations=24 (full 0):
 garbage-first heap   total 310272K, used 110556K [0x0000000080000000, 0x0000000100000000)
  region size 1024K, 2 young (2048K), 2 survivors (2048K)
 Metaspace       used 96073K, capacity 98400K, committed 98768K, reserved 1134592K
  class space    used 11975K, capacity 12865K, committed 13056K, reserved 1048576K
}

