# JRE version: OpenJDK Runtime Environment (11.0.13) (build 11.0.13+0-b1751.21-8125866)
# Java VM: OpenJDK 64-Bit Server VM (11.0.13+0-b1751.21-8125866, mixed mode, tiered, compressed oops, g1 gc, windows-amd64)
Heap:
 garbage-first heap   total 258048K, used 174394K [0x0000000080000000, 0x0000000100000000)
  region size 1024K, 117 young (119808K), 9 survivors (9216K)
 Metaspace       used 82856K, capacity 85089K, committed 85200K, reserved 1122304K
  class space    used 10867K, capacity 11716K, committed 11776K, reserved 1048576K
GC Heap History (18 events):
Event: 0.592 GC heap before
{Heap before GC invocations=0 (full 0):
 garbage-first heap   total 258048K, used 29696K [0x0000000080000000, 0x0000000100000000)
  region size 1024K, 24 young (24576K), 0 survivors (0K)
 Metaspace       used 10088K, capacity 10329K, committed 10624K, reserved 1058816K
  class space    used 1034K, capacity 1108K, committed 1152K, reserved 1048576K
}
Event: 0.596 GC heap after
{Heap after GC invocations=1 (full 0):
 garbage-first heap   total 258048K, used 9234K [0x0000000080000000, 0x0000000100000000)
  region size 1024K, 3 young (3072K), 3 survivors (3072K)
 Metaspace       used 10088K, capacity 10329K, committed 10624K, reserved 1058816K
  class space    used 1034K, capacity 1108K, committed 1152K, reserved 1048576K
}
Event: 2.299 GC heap before
{Heap before GC invocations=1 (full 0):
 garbage-first heap   total 258048K, used 118802K [0x0000000080000000, 0x0000000100000000)
  region size 1024K, 110 young (112640K), 3 survivors (3072K)
 Metaspace       used 20831K, capacity 21193K, committed 21296K, reserved 1069056K
  class space    used 2534K, capacity 2688K, committed 2688K, reserved 1048576K
}
Event: 2.309 GC heap after
{Heap after GC invocations=2 (full 0):
 garbage-first heap   total 258048K, used 17090K [0x0000000080000000, 0x0000000100000000)
  region size 1024K, 11 young (11264K), 11 survivors (11264K)
 Metaspace       used 20831K, capacity 21193K, committed 21296K, reserved 1069056K
  class space    used 2534K, capacity 2688K, committed 2688K, reserved 1048576K
}
Event: 2.686 GC heap before
{Heap before GC invocations=3 (full 0):
 garbage-first heap   total 258048K, used 51906K [0x0000000080000000, 0x0000000100000000)
  region size 1024K, 45 young (46080K), 11 survivors (11264K)
 Metaspace       used 24116K, capacity 24671K, committed 24832K, reserved 1071104K
  class space    used 3060K, capacity 3255K, committed 3328K, reserved 1048576K
}
Event: 2.694 GC heap after
{Heap after GC invocations=4 (full 0):
 garbage-first heap   total 258048K, used 18136K [0x0000000080000000, 0x0000000100000000)
  region size 1024K, 2 young (2048K), 2 survivors (2048K)
 Metaspace       used 24116K, capacity 24671K, committed 24832K, reserved 1071104K
  class space    used 3060K, capacity 3255K, committed 3328K, reserved 1048576K
}
Event: 3.808 GC heap before
{Heap before GC invocations=4 (full 0):
 garbage-first heap   total 258048K, used 102104K [0x0000000080000000, 0x0000000100000000)
  region size 1024K, 85 young (87040K), 2 survivors (2048K)
 Metaspace       used 35164K, capacity 35936K, committed 36048K, reserved 1081344K
  class space    used 4513K, capacity 4806K, committed 4864K, reserved 1048576K
}
Event: 3.816 GC heap after
{Heap after GC invocations=5 (full 0):
 garbage-first heap   total 258048K, used 22261K [0x0000000080000000, 0x0000000100000000)
  region size 1024K, 6 young (6144K), 6 survivors (6144K)
 Metaspace       used 35164K, capacity 35936K, committed 36048K, reserved 1081344K
  class space    used 4513K, capacity 4806K, committed 4864K, reserved 1048576K
}
Event: 5.334 GC heap before
{Heap before GC invocations=6 (full 0):
 garbage-first heap   total 258048K, used 140021K [0x0000000080000000, 0x0000000100000000)
  region size 1024K, 118 young (120832K), 6 survivors (6144K)
 Metaspace       used 44837K, capacity 45959K, committed 46288K, reserved 1089536K
  class space    used 5663K, capacity 6041K, committed 6144K, reserved 1048576K
}
Event: 5.345 GC heap after
{Heap after GC invocations=7 (full 0):
 garbage-first heap   total 258048K, used 29368K [0x0000000080000000, 0x0000000100000000)
  region size 1024K, 13 young (13312K), 13 survivors (13312K)
 Metaspace       used 44837K, capacity 45959K, committed 46288K, reserved 1089536K
  class space    used 5663K, capacity 6041K, committed 6144K, reserved 1048576K
}
Event: 6.806 GC heap before
{Heap before GC invocations=7 (full 0):
 garbage-first heap   total 258048K, used 161464K [0x0000000080000000, 0x0000000100000000)
  region size 1024K, 138 young (141312K), 13 survivors (13312K)
 Metaspace       used 52816K, capacity 54284K, committed 54608K, reserved 1097728K
  class space    used 6672K, capacity 7203K, committed 7296K, reserved 1048576K
}
Event: 6.822 GC heap after
{Heap after GC invocations=8 (full 0):
 garbage-first heap   total 258048K, used 44307K [0x0000000080000000, 0x0000000100000000)
  region size 1024K, 18 young (18432K), 18 survivors (18432K)
 Metaspace       used 52816K, capacity 54284K, committed 54608K, reserved 1097728K
  class space    used 6672K, capacity 7203K, committed 7296K, reserved 1048576K
}
Event: 7.517 GC heap before
{Heap before GC invocations=8 (full 0):
 garbage-first heap   total 258048K, used 85267K [0x0000000080000000, 0x0000000100000000)
  region size 1024K, 59 young (60416K), 18 survivors (18432K)
 Metaspace       used 58888K, capacity 60411K, committed 60496K, reserved 1101824K
  class space    used 7437K, capacity 8006K, committed 8064K, reserved 1048576K
}
Event: 7.536 GC heap after
{Heap after GC invocations=9 (full 0):
 garbage-first heap   total 258048K, used 47083K [0x0000000080000000, 0x0000000100000000)
  region size 1024K, 4 young (4096K), 4 survivors (4096K)
 Metaspace       used 58888K, capacity 60411K, committed 60496K, reserved 1101824K
  class space    used 7437K, capacity 8006K, committed 8064K, reserved 1048576K
}
Event: 9.142 GC heap before
{Heap before GC invocations=10 (full 0):
 garbage-first heap   total 258048K, used 195563K [0x0000000080000000, 0x0000000100000000)
  region size 1024K, 142 young (145408K), 4 survivors (4096K)
 Metaspace       used 66619K, capacity 68230K, committed 68432K, reserved 1107968K
  class space    used 8422K, capacity 9011K, committed 9088K, reserved 1048576K
}
Event: 9.161 GC heap after
{Heap after GC invocations=11 (full 0):
 garbage-first heap   total 258048K, used 56195K [0x0000000080000000, 0x0000000100000000)
  region size 1024K, 13 young (13312K), 13 survivors (13312K)
 Metaspace       used 66619K, capacity 68230K, committed 68432K, reserved 1107968K
  class space    used 8422K, capacity 9011K, committed 9088K, reserved 1048576K
}
Event: 11.070 GC heap before
{Heap before GC invocations=12 (full 0):
 garbage-first heap   total 258048K, used 190339K [0x0000000080000000, 0x0000000100000000)
  region size 1024K, 144 young (147456K), 13 survivors (13312K)
 Metaspace       used 77752K, capacity 79541K, committed 79568K, reserved 1118208K
  class space    used 10101K, capacity 10742K, committed 10752K, reserved 1048576K
}
Event: 11.083 GC heap after
{Heap after GC invocations=13 (full 0):
 garbage-first heap   total 258048K, used 64826K [0x0000000080000000, 0x0000000100000000)
  region size 1024K, 9 young (9216K), 9 survivors (9216K)
 Metaspace       used 77752K, capacity 79541K, committed 79568K, reserved 1118208K
  class space    used 10101K, capacity 10742K, committed 10752K, reserved 1048576K
}

