# JRE version: OpenJDK Runtime Environment (11.0.13) (build 11.0.13+0-b1751.21-8125866)
# Java VM: OpenJDK 64-Bit Server VM (11.0.13+0-b1751.21-8125866, mixed mode, tiered, compressed oops, g1 gc, windows-amd64)
Heap:
 garbage-first heap   total 636928K, used 284555K [0x0000000080000000, 0x0000000100000000)
  region size 1024K, 2 young (2048K), 2 survivors (2048K)
 Metaspace       used 119049K, capacity 122382K, committed 122544K, reserved 1155072K
  class space    used 15179K, capacity 16381K, committed 16384K, reserved 1048576K
GC Heap History (20 events):
Event: 130.211 GC heap after
{Heap after GC invocations=88 (full 0):
 garbage-first heap   total 258048K, used 219863K [0x0000000080000000, 0x0000000100000000)
  region size 1024K, 2 young (2048K), 2 survivors (2048K)
 Metaspace       used 116559K, capacity 119771K, committed 119984K, reserved 1153024K
  class space    used 14669K, capacity 15818K, committed 15872K, reserved 1048576K
}
Event: 130.223 GC heap before
{Heap before GC invocations=88 (full 0):
 garbage-first heap   total 258048K, used 241367K [0x0000000080000000, 0x0000000100000000)
  region size 1024K, 12 young (12288K), 2 survivors (2048K)
 Metaspace       used 116563K, capacity 119771K, committed 119984K, reserved 1153024K
  class space    used 14669K, capacity 15818K, committed 15872K, reserved 1048576K
}
Event: 130.225 GC heap after
{Heap after GC invocations=89 (full 0):
 garbage-first heap   total 258048K, used 228290K [0x0000000080000000, 0x0000000100000000)
  region size 1024K, 2 young (2048K), 2 survivors (2048K)
 Metaspace       used 116563K, capacity 119771K, committed 119984K, reserved 1153024K
  class space    used 14669K, capacity 15818K, committed 15872K, reserved 1048576K
}
Event: 130.357 GC heap before
{Heap before GC invocations=89 (full 0):
 garbage-first heap   total 258048K, used 256962K [0x0000000080000000, 0x0000000100000000)
  region size 1024K, 8 young (8192K), 2 survivors (2048K)
 Metaspace       used 116825K, capacity 120002K, committed 120240K, reserved 1153024K
  class space    used 14713K, capacity 15852K, committed 15872K, reserved 1048576K
}
Event: 130.361 GC heap after
{Heap after GC invocations=90 (full 0):
 garbage-first heap   total 262144K, used 238576K [0x0000000080000000, 0x0000000100000000)
  region size 1024K, 2 young (2048K), 2 survivors (2048K)
 Metaspace       used 116825K, capacity 120002K, committed 120240K, reserved 1153024K
  class space    used 14713K, capacity 15852K, committed 15872K, reserved 1048576K
}
Event: 130.551 GC heap before
{Heap before GC invocations=91 (full 0):
 garbage-first heap   total 262144K, used 248816K [0x0000000080000000, 0x0000000100000000)
  region size 1024K, 12 young (12288K), 2 survivors (2048K)
 Metaspace       used 116916K, capacity 120090K, committed 120368K, reserved 1153024K
  class space    used 14720K, capacity 15884K, committed 16000K, reserved 1048576K
}
Event: 130.558 GC heap after
{Heap after GC invocations=92 (full 0):
 garbage-first heap   total 262144K, used 243136K [0x0000000080000000, 0x0000000100000000)
  region size 1024K, 2 young (2048K), 2 survivors (2048K)
 Metaspace       used 116916K, capacity 120090K, committed 120368K, reserved 1153024K
  class space    used 14720K, capacity 15884K, committed 16000K, reserved 1048576K
}
Event: 130.745 GC heap before
{Heap before GC invocations=92 (full 0):
 garbage-first heap   total 262144K, used 252352K [0x0000000080000000, 0x0000000100000000)
  region size 1024K, 12 young (12288K), 2 survivors (2048K)
 Metaspace       used 116916K, capacity 120090K, committed 120368K, reserved 1153024K
  class space    used 14720K, capacity 15884K, committed 16000K, reserved 1048576K
}
Event: 130.753 GC heap after
{Heap after GC invocations=93 (full 0):
 garbage-first heap   total 262144K, used 247621K [0x0000000080000000, 0x0000000100000000)
  region size 1024K, 2 young (2048K), 2 survivors (2048K)
 Metaspace       used 116916K, capacity 120090K, committed 120368K, reserved 1153024K
  class space    used 14720K, capacity 15884K, committed 16000K, reserved 1048576K
}
Event: 130.845 GC heap before
{Heap before GC invocations=93 (full 0):
 garbage-first heap   total 262144K, used 256837K [0x0000000080000000, 0x0000000100000000)
  region size 1024K, 12 young (12288K), 2 survivors (2048K)
 Metaspace       used 116916K, capacity 120090K, committed 120368K, reserved 1153024K
  class space    used 14720K, capacity 15884K, committed 16000K, reserved 1048576K
}
Event: 130.854 GC heap after
{Heap after GC invocations=94 (full 0):
 garbage-first heap   total 264192K, used 251518K [0x0000000080000000, 0x0000000100000000)
  region size 1024K, 2 young (2048K), 2 survivors (2048K)
 Metaspace       used 116916K, capacity 120090K, committed 120368K, reserved 1153024K
  class space    used 14720K, capacity 15884K, committed 16000K, reserved 1048576K
}
Event: 131.024 GC heap before
{Heap before GC invocations=94 (full 0):
 garbage-first heap   total 264192K, used 262782K [0x0000000080000000, 0x0000000100000000)
  region size 1024K, 12 young (12288K), 2 survivors (2048K)
 Metaspace       used 116916K, capacity 120090K, committed 120368K, reserved 1153024K
  class space    used 14720K, capacity 15884K, committed 16000K, reserved 1048576K
}
Event: 131.038 GC heap after
{Heap after GC invocations=95 (full 0):
 garbage-first heap   total 327680K, used 257959K [0x0000000080000000, 0x0000000100000000)
  region size 1024K, 2 young (2048K), 2 survivors (2048K)
 Metaspace       used 116916K, capacity 120090K, committed 120368K, reserved 1153024K
  class space    used 14720K, capacity 15884K, committed 16000K, reserved 1048576K
}
Event: 131.256 GC heap before
{Heap before GC invocations=96 (full 0):
 garbage-first heap   total 327680K, used 272295K [0x0000000080000000, 0x0000000100000000)
  region size 1024K, 17 young (17408K), 2 survivors (2048K)
 Metaspace       used 116916K, capacity 120090K, committed 120368K, reserved 1153024K
  class space    used 14720K, capacity 15884K, committed 16000K, reserved 1048576K
}
Event: 131.275 GC heap after
{Heap after GC invocations=97 (full 0):
 garbage-first heap   total 327680K, used 264186K [0x0000000080000000, 0x0000000100000000)
  region size 1024K, 3 young (3072K), 3 survivors (3072K)
 Metaspace       used 116916K, capacity 120090K, committed 120368K, reserved 1153024K
  class space    used 14720K, capacity 15884K, committed 16000K, reserved 1048576K
}
Event: 131.321 GC heap before
{Heap before GC invocations=97 (full 0):
 garbage-first heap   total 327680K, used 272378K [0x0000000080000000, 0x0000000100000000)
  region size 1024K, 13 young (13312K), 3 survivors (3072K)
 Metaspace       used 116916K, capacity 120090K, committed 120368K, reserved 1153024K
  class space    used 14720K, capacity 15884K, committed 16000K, reserved 1048576K
}
Event: 131.336 GC heap after
{Heap after GC invocations=98 (full 0):
 garbage-first heap   total 327680K, used 267969K [0x0000000080000000, 0x0000000100000000)
  region size 1024K, 2 young (2048K), 2 survivors (2048K)
 Metaspace       used 116916K, capacity 120090K, committed 120368K, reserved 1153024K
  class space    used 14720K, capacity 15884K, committed 16000K, reserved 1048576K
}
Event: 131.541 GC heap before
{Heap before GC invocations=98 (full 0):
 garbage-first heap   total 327680K, used 286401K [0x0000000080000000, 0x0000000100000000)
  region size 1024K, 16 young (16384K), 2 survivors (2048K)
 Metaspace       used 116916K, capacity 120090K, committed 120368K, reserved 1153024K
  class space    used 14720K, capacity 15884K, committed 16000K, reserved 1048576K
}
Event: 131.555 GC heap after
{Heap after GC invocations=99 (full 0):
 garbage-first heap   total 327680K, used 279421K [0x0000000080000000, 0x0000000100000000)
  region size 1024K, 2 young (2048K), 2 survivors (2048K)
 Metaspace       used 116916K, capacity 120090K, committed 120368K, reserved 1153024K
  class space    used 14720K, capacity 15884K, committed 16000K, reserved 1048576K
}
Event: 132.039 GC heap before
{Heap before GC invocations=100 (full 0):
 garbage-first heap   total 327680K, used 292733K [0x0000000080000000, 0x0000000100000000)
  region size 1024K, 16 young (16384K), 2 survivors (2048K)
 Metaspace       used 119049K, capacity 122382K, committed 122544K, reserved 1155072K
  class space    used 15179K, capacity 16381K, committed 16384K, reserved 1048576K
}

