# JRE version: OpenJDK Runtime Environment (11.0.13) (build 11.0.13+0-b1751.21-8125866)
# Java VM: OpenJDK 64-Bit Server VM (11.0.13+0-b1751.21-8125866, mixed mode, tiered, compressed oops, g1 gc, windows-amd64)
Heap:
 garbage-first heap   total 258048K, used 132688K [0x0000000080000000, 0x0000000100000000)
  region size 1024K, 50 young (51200K), 7 survivors (7168K)
 Metaspace       used 90474K, capacity 92848K, committed 93096K, reserved 1130496K
  class space    used 11691K, capacity 12591K, committed 12620K, reserved 1048576K
GC Heap History (20 events):
Event: 3.026 GC heap before
{Heap before GC invocations=3 (full 0):
 garbage-first heap   total 258048K, used 61647K [0x0000000080000000, 0x0000000100000000)
  region size 1024K, 54 young (55296K), 11 survivors (11264K)
 Metaspace       used 25076K, capacity 25576K, committed 25728K, reserved 1071104K
  class space    used 3217K, capacity 3387K, committed 3456K, reserved 1048576K
}
Event: 3.034 GC heap after
{Heap after GC invocations=4 (full 0):
 garbage-first heap   total 258048K, used 19267K [0x0000000080000000, 0x0000000100000000)
  region size 1024K, 3 young (3072K), 3 survivors (3072K)
 Metaspace       used 25076K, capacity 25576K, committed 25728K, reserved 1071104K
  class space    used 3217K, capacity 3387K, committed 3456K, reserved 1048576K
}
Event: 4.403 GC heap before
{Heap before GC invocations=4 (full 0):
 garbage-first heap   total 258048K, used 94019K [0x0000000080000000, 0x0000000100000000)
  region size 1024K, 77 young (78848K), 3 survivors (3072K)
 Metaspace       used 35179K, capacity 35966K, committed 36048K, reserved 1081344K
  class space    used 4519K, capacity 4837K, committed 4864K, reserved 1048576K
}
Event: 4.412 GC heap after
{Heap after GC invocations=5 (full 0):
 garbage-first heap   total 258048K, used 22770K [0x0000000080000000, 0x0000000100000000)
  region size 1024K, 6 young (6144K), 6 survivors (6144K)
 Metaspace       used 35179K, capacity 35966K, committed 36048K, reserved 1081344K
  class space    used 4519K, capacity 4837K, committed 4864K, reserved 1048576K
}
Event: 6.187 GC heap before
{Heap before GC invocations=6 (full 0):
 garbage-first heap   total 258048K, used 149746K [0x0000000080000000, 0x0000000100000000)
  region size 1024K, 127 young (130048K), 6 survivors (6144K)
 Metaspace       used 45376K, capacity 46465K, committed 46620K, reserved 1089536K
  class space    used 5755K, capacity 6147K, committed 6220K, reserved 1048576K
}
Event: 6.199 GC heap after
{Heap after GC invocations=7 (full 0):
 garbage-first heap   total 258048K, used 29856K [0x0000000080000000, 0x0000000100000000)
  region size 1024K, 13 young (13312K), 13 survivors (13312K)
 Metaspace       used 45376K, capacity 46465K, committed 46620K, reserved 1089536K
  class space    used 5755K, capacity 6147K, committed 6220K, reserved 1048576K
}
Event: 8.144 GC heap before
{Heap before GC invocations=7 (full 0):
 garbage-first heap   total 258048K, used 168096K [0x0000000080000000, 0x0000000100000000)
  region size 1024K, 144 young (147456K), 13 survivors (13312K)
 Metaspace       used 54614K, capacity 56094K, committed 56348K, reserved 1097728K
  class space    used 6908K, capacity 7466K, committed 7500K, reserved 1048576K
}
Event: 8.159 GC heap after
{Heap after GC invocations=8 (full 0):
 garbage-first heap   total 258048K, used 44575K [0x0000000080000000, 0x0000000100000000)
  region size 1024K, 18 young (18432K), 18 survivors (18432K)
 Metaspace       used 54614K, capacity 56094K, committed 56348K, reserved 1097728K
  class space    used 6908K, capacity 7466K, committed 7500K, reserved 1048576K
}
Event: 8.718 GC heap before
{Heap before GC invocations=8 (full 0):
 garbage-first heap   total 258048K, used 73247K [0x0000000080000000, 0x0000000100000000)
  region size 1024K, 47 young (48128K), 18 survivors (18432K)
 Metaspace       used 59041K, capacity 60573K, committed 60636K, reserved 1101824K
  class space    used 7455K, capacity 7996K, committed 8012K, reserved 1048576K
}
Event: 8.734 GC heap after
{Heap after GC invocations=9 (full 0):
 garbage-first heap   total 258048K, used 46763K [0x0000000080000000, 0x0000000100000000)
  region size 1024K, 3 young (3072K), 3 survivors (3072K)
 Metaspace       used 59041K, capacity 60573K, committed 60636K, reserved 1101824K
  class space    used 7455K, capacity 7996K, committed 8012K, reserved 1048576K
}
Event: 10.539 GC heap before
{Heap before GC invocations=10 (full 0):
 garbage-first heap   total 258048K, used 193195K [0x0000000080000000, 0x0000000100000000)
  region size 1024K, 139 young (142336K), 3 survivors (3072K)
 Metaspace       used 66508K, capacity 68199K, committed 68264K, reserved 1107968K
  class space    used 8401K, capacity 9001K, committed 9036K, reserved 1048576K
}
Event: 10.551 GC heap after
{Heap after GC invocations=11 (full 0):
 garbage-first heap   total 258048K, used 56043K [0x0000000080000000, 0x0000000100000000)
  region size 1024K, 12 young (12288K), 12 survivors (12288K)
 Metaspace       used 66508K, capacity 68199K, committed 68264K, reserved 1107968K
  class space    used 8401K, capacity 9001K, committed 9036K, reserved 1048576K
}
Event: 12.343 GC heap before
{Heap before GC invocations=11 (full 0):
 garbage-first heap   total 258048K, used 191211K [0x0000000080000000, 0x0000000100000000)
  region size 1024K, 144 young (147456K), 12 survivors (12288K)
 Metaspace       used 77879K, capacity 79745K, committed 80040K, reserved 1118208K
  class space    used 10136K, capacity 10788K, committed 10828K, reserved 1048576K
}
Event: 12.355 GC heap after
{Heap after GC invocations=12 (full 0):
 garbage-first heap   total 258048K, used 65078K [0x0000000080000000, 0x0000000100000000)
  region size 1024K, 9 young (9216K), 9 survivors (9216K)
 Metaspace       used 77879K, capacity 79745K, committed 80040K, reserved 1118208K
  class space    used 10136K, capacity 10788K, committed 10828K, reserved 1048576K
}
Event: 14.048 GC heap before
{Heap before GC invocations=12 (full 0):
 garbage-first heap   total 258048K, used 195126K [0x0000000080000000, 0x0000000100000000)
  region size 1024K, 137 young (140288K), 9 survivors (9216K)
 Metaspace       used 83099K, capacity 85422K, committed 85672K, reserved 1124352K
  class space    used 10895K, capacity 11759K, committed 11852K, reserved 1048576K
}
Event: 14.066 GC heap after
{Heap after GC invocations=13 (full 0):
 garbage-first heap   total 258048K, used 74752K [0x0000000080000000, 0x0000000100000000)
  region size 1024K, 18 young (18432K), 18 survivors (18432K)
 Metaspace       used 83099K, capacity 85422K, committed 85672K, reserved 1124352K
  class space    used 10895K, capacity 11759K, committed 11852K, reserved 1048576K
}
Event: 15.095 GC heap before
{Heap before GC invocations=13 (full 0):
 garbage-first heap   total 258048K, used 200704K [0x0000000080000000, 0x0000000100000000)
  region size 1024K, 140 young (143360K), 18 survivors (18432K)
 Metaspace       used 84931K, capacity 87329K, committed 87592K, reserved 1124352K
  class space    used 11012K, capacity 11893K, committed 11980K, reserved 1048576K
}
Event: 15.121 GC heap after
{Heap after GC invocations=14 (full 0):
 garbage-first heap   total 258048K, used 84710K [0x0000000080000000, 0x0000000100000000)
  region size 1024K, 11 young (11264K), 11 survivors (11264K)
 Metaspace       used 84931K, capacity 87329K, committed 87592K, reserved 1124352K
  class space    used 11012K, capacity 11893K, committed 11980K, reserved 1048576K
}
Event: 16.446 GC heap before
{Heap before GC invocations=14 (full 0):
 garbage-first heap   total 258048K, used 201446K [0x0000000080000000, 0x0000000100000000)
  region size 1024K, 126 young (129024K), 11 survivors (11264K)
 Metaspace       used 90189K, capacity 92553K, committed 92840K, reserved 1130496K
  class space    used 11660K, capacity 12517K, committed 12620K, reserved 1048576K
}
Event: 16.459 GC heap after
{Heap after GC invocations=15 (full 0):
 garbage-first heap   total 258048K, used 90704K [0x0000000080000000, 0x0000000100000000)
  region size 1024K, 7 young (7168K), 7 survivors (7168K)
 Metaspace       used 90189K, capacity 92553K, committed 92840K, reserved 1130496K
  class space    used 11660K, capacity 12517K, committed 12620K, reserved 1048576K
}

